{"time": "2024-03-25 10:05:30,880", "level": "INFO", "message": "User logged in"}
{"time": "2024-03-25 10:10:15,200", "level": "ERROR", "message": "404 Not Found"}
{"time": "2024-03-25 11:15:45,350", "level": "WARNING", "message": "Connection timeout"}
{"time": "2024-03-25 11:20:30,500", "level": "INFO", "message": "Request received"}
{"time": "2024-03-25 11:25:00,750", "level": "CRITICAL", "message": "Database connection failed"}
{"time": "2024-03-25 12:30:20,900", "level": "ERROR", "message": "Internal server error"}
{"time": "2024-03-25 12:35:10,100", "level": "INFO", "message": "File uploaded successfully"}
{"time": "2024-03-25 13:40:10,300", "level": "WARNING", "message": "Invalid input received"}
{"time": "2024-03-25 14:45:25,500", "level": "ERROR", "message": "Authentication failed"}
{"time": "2024-03-25 15:50:30,700", "level": "INFO", "message": "Page loaded successfully"}
{"time": "2024-03-25 16:55:45,900", "level": "WARNING", "message": "dog expired"}
{"time": "2024-03-25 17:00:55,100", "level": "ERROR", "message": "Server crash detected"}
{"time": "2024-03-25 18:05:20,200", "level": "CRITICAL", "message": "Disk full"}
{"time": "2024-03-25 19:10:30,300", "level": "ERROR", "message": "Failed to connect to external service"}
{"time": "2024-03-25 20:15:40,400", "level": "INFO", "message": "Data processing complete"}
{"time": "2024-03-25 21:20:50,500", "level": "WARNING", "message": "Resource consumption high"}
{"time": "2024-03-25 22:25:00,600", "level": "ERROR", "message": "Database backup failed"}
{"time": "2024-03-25 23:30:10,700", "level": "INFO", "message": "User session terminated"}
{"time": "2024-03-26 00:35:20,800", "level": "ERROR", "message": "Configuration file corrupted"}
{"time": "2024-03-26 01:40:30,900", "level": "WARNING", "message": "Low disk space"}
